<?xml version="1.0" encoding="UTF-8"?>
<!-- Generated by org.testng.reporters.JUnitXMLReporter -->
<testsuite ignored="0" hostname="neethu" failures="1" tests="1" name="Test" time="6.167" errors="0" timestamp="2024-11-19T12:04:51 IST">
  <testcase classname="testScript.Base" name="@AfterMethod browserQuit" time="0.132">
    <failure type="java.io.FileNotFoundException" message="C:\Users\Neethu\git\7rMartSuperMarketnew\7rMartSuperMarket\outputScreenShot\checkNewCategoryAdded19_11_2024_12_04_51.png (The system cannot find the path specified)">
      <![CDATA[java.io.FileNotFoundException: C:\Users\Neethu\git\7rMartSuperMarketnew\7rMartSuperMarket\outputScreenShot\checkNewCategoryAdded19_11_2024_12_04_51.png (The system cannot find the path specified)
at java.base/java.io.FileOutputStream.open0(Native Method)
at java.base/java.io.FileOutputStream.open(FileOutputStream.java:289)
at java.base/java.io.FileOutputStream.<init>(FileOutputStream.java:230)
at java.base/java.io.FileOutputStream.<init>(FileOutputStream.java:179)
at org.openqa.selenium.io.FileHandler.copyFile(FileHandler.java:131)
at org.openqa.selenium.io.FileHandler.copy(FileHandler.java:110)
at utilities.ScreenShortUtilities.getScreenShot(ScreenShortUtilities.java:30)
at testScript.Base.browserQuit(Base.java:59)
at java.base/java.util.ArrayList.forEach(ArrayList.java:1597)
... Removed 30 stack frames]]>
    </failure>
  </testcase> <!-- @AfterMethod browserQuit -->
  <testcase classname="testScript.ManageCategoryTest" name="checkNewCategoryAdded" time="1.965">
    <failure type="java.lang.NullPointerException" message="Cannot invoke &amp;quot;pages.ManageCategory.clickNewButton()&amp;quot; because &amp;quot;this.managecategory&amp;quot; is null">
      <![CDATA[java.lang.NullPointerException: Cannot invoke "pages.ManageCategory.clickNewButton()" because "this.managecategory" is null
at testScript.ManageCategoryTest.checkNewCategoryAdded(ManageCategoryTest.java:27)
at java.base/java.util.ArrayList.forEach(ArrayList.java:1597)
... Removed 25 stack frames]]>
    </failure>
  </testcase> <!-- checkNewCategoryAdded -->
</testsuite> <!-- Test -->
