<?xml version="1.0" encoding="UTF-8"?>
<testng-results ignored="0" total="1" passed="1" failed="0" skipped="0">
  <reporter-output>
  </reporter-output>
  <suite started-at="2024-11-14T09:54:58 IST" name="Suite" finished-at="2024-11-14T09:55:04 IST" duration-ms="6041">
    <groups>
    </groups>
    <test started-at="2024-11-14T09:54:58 IST" name="Test" finished-at="2024-11-14T09:55:04 IST" duration-ms="6041">
      <class name="testScript.LoginTest">
        <test-method is-config="true" signature="initializeBrowser(java.lang.String)[pri:0, instance:testScript.LoginTest@2657d4dd]" started-at="2024-11-14T09:54:58 IST" name="initializeBrowser" finished-at="2024-11-14T09:55:01 IST" duration-ms="3201" status="PASS">
          <params>
            <param index="0">
              <value>
                <![CDATA[chrome]]>
              </value>
            </param>
          </params>
          <reporter-output>
          </reporter-output>
        </test-method> <!-- initializeBrowser -->
        <test-method signature="verifyUserIsAbletoLoginValidCredentials()[pri:0, instance:testScript.LoginTest@2657d4dd]" started-at="2024-11-14T09:55:01 IST" name="verifyUserIsAbletoLoginValidCredentials" finished-at="2024-11-14T09:55:04 IST" duration-ms="2531" status="PASS">
          <reporter-output>
          </reporter-output>
        </test-method> <!-- verifyUserIsAbletoLoginValidCredentials -->
        <test-method is-config="true" signature="browserQuit(org.testng.ITestResult)[pri:0, instance:testScript.LoginTest@2657d4dd]" started-at="2024-11-14T09:55:04 IST" name="browserQuit" finished-at="2024-11-14T09:55:04 IST" duration-ms="205" status="PASS">
          <params>
            <param index="0">
              <value>
                <![CDATA[[TestResult name=verifyUserIsAbletoLoginValidCredentials status=SUCCESS method=LoginTest.verifyUserIsAbletoLoginValidCredentials()[pri:0, instance:testScript.LoginTest@2657d4dd] output={null}]]]>
              </value>
            </param>
          </params>
          <reporter-output>
          </reporter-output>
        </test-method> <!-- browserQuit -->
      </class> <!-- testScript.LoginTest -->
    </test> <!-- Test -->
  </suite> <!-- Suite -->
</testng-results>
